<?xml version="1.0" encoding="UTF-8"?>
<!-- Generated by org.testng.reporters.JUnitXMLReporter -->
<testsuite ignored="0" hostname="DESKTOP-VPMD432" failures="1" tests="2" name="Test" time="514.562" errors="0" timestamp="2025-07-16T14:47:21 IST">
  <testcase classname="testCases.TC001_AccountRegistationTest" name="verify_account_registration" time="19.552"/>
  <testcase classname="testCases.TC002_LoginTest" name="verify_login" time="184.791">
    <failure type="java.lang.AssertionError" message="null">
      <![CDATA[java.lang.AssertionError: null
at testCases.TC002_LoginTest.verify_login(TC002_LoginTest.java:35)
at java.base/java.util.ArrayList.forEach(ArrayList.java:1511)
... Removed 33 stack frames]]>
    </failure>
  </testcase> <!-- verify_login -->
</testsuite> <!-- Test -->
