<?xml version="1.0" encoding="UTF-8"?>
<!-- Generated by org.testng.reporters.JUnitXMLReporter -->
<testsuite ignored="0" hostname="DESKTOP-VPMD432" failures="0" tests="2" name="Test" time="1.505" errors="0" timestamp="2025-07-16T13:19:46 IST">
  <testcase classname="testBase.BaseClass" name="@BeforeClass setup" time="0.032">
    <failure type="java.lang.NullPointerException">
      <![CDATA[java.lang.NullPointerException
at testBase.BaseClass.setup(BaseClass.java:76)
at java.base/java.util.ArrayList.forEach(ArrayList.java:1511)
... Removed 25 stack frames]]>
    </failure>
  </testcase> <!-- @BeforeClass setup -->
  <testcase classname="testBase.BaseClass" name="@AfterClass tearDown" time="0.0">
    <skipped/>
  </testcase> <!-- @AfterClass tearDown -->
  <testcase classname="testBase.BaseClass" name="@BeforeClass setup" time="0.001">
    <failure type="java.lang.NullPointerException">
      <![CDATA[java.lang.NullPointerException
at testBase.BaseClass.setup(BaseClass.java:76)
at java.base/java.util.ArrayList.forEach(ArrayList.java:1511)
... Removed 25 stack frames]]>
    </failure>
  </testcase> <!-- @BeforeClass setup -->
  <testcase classname="testBase.BaseClass" name="@AfterClass tearDown" time="0.0">
    <skipped/>
  </testcase> <!-- @AfterClass tearDown -->
  <testcase classname="testCases.TC001_AccountRegistationTest" name="verify_account_registration" time="0.0">
    <skipped/>
  </testcase> <!-- verify_account_registration -->
  <testcase classname="testCases.TC002_LoginTest" name="verify_login" time="0.0">
    <skipped/>
  </testcase> <!-- verify_login -->
</testsuite> <!-- Test -->
