<?xml version="1.0" encoding="UTF-8"?>
<testng-results ignored="0" total="2" passed="2" failed="0" skipped="0">
  <reporter-output>
  </reporter-output>
  <suite started-at="2025-07-17T15:11:28 IST" name="Master Suite" finished-at="2025-07-17T15:17:55 IST" duration-ms="387073">
    <groups>
      <group name="Master">
        <method signature="TC001_AccountRegistationTest.verify_account_registration()[pri:0, instance:testCases.TC001_AccountRegistationTest@49c66ade]" name="verify_account_registration" class="testCases.TC001_AccountRegistationTest"/>
        <method signature="TC002_LoginTest.verify_login()[pri:0, instance:testCases.TC002_LoginTest@7164ca4c]" name="verify_login" class="testCases.TC002_LoginTest"/>
      </group> <!-- Master -->
      <group name="Sanity">
        <method signature="TC002_LoginTest.verify_login()[pri:0, instance:testCases.TC002_LoginTest@7164ca4c]" name="verify_login" class="testCases.TC002_LoginTest"/>
      </group> <!-- Sanity -->
      <group name="Regression">
        <method signature="TC001_AccountRegistationTest.verify_account_registration()[pri:0, instance:testCases.TC001_AccountRegistationTest@49c66ade]" name="verify_account_registration" class="testCases.TC001_AccountRegistationTest"/>
      </group> <!-- Regression -->
    </groups>
    <test started-at="2025-07-17T15:11:28 IST" name="Test" finished-at="2025-07-17T15:17:55 IST" duration-ms="387073">
      <class name="testCases.TC002_LoginTest">
        <test-method is-config="true" signature="setup(java.lang.String,java.lang.String)[pri:0, instance:testCases.TC002_LoginTest@7164ca4c]" started-at="2025-07-17T15:16:54 IST" name="setup" finished-at="2025-07-17T15:17:34 IST" duration-ms="39418" status="PASS">
          <params>
            <param index="0">
              <value>
                <![CDATA[Windows]]>
              </value>
            </param>
            <param index="1">
              <value>
                <![CDATA[chrome]]>
              </value>
            </param>
          </params>
          <reporter-output>
          </reporter-output>
        </test-method> <!-- setup -->
        <test-method signature="verify_login()[pri:0, instance:testCases.TC002_LoginTest@7164ca4c]" started-at="2025-07-17T15:17:34 IST" name="verify_login" finished-at="2025-07-17T15:17:49 IST" duration-ms="15157" status="PASS">
          <reporter-output>
          </reporter-output>
        </test-method> <!-- verify_login -->
        <test-method is-config="true" signature="tearDown()[pri:0, instance:testCases.TC002_LoginTest@7164ca4c]" started-at="2025-07-17T15:17:49 IST" name="tearDown" finished-at="2025-07-17T15:17:55 IST" duration-ms="6031" status="PASS">
          <reporter-output>
          </reporter-output>
        </test-method> <!-- tearDown -->
      </class> <!-- testCases.TC002_LoginTest -->
      <class name="testCases.TC001_AccountRegistationTest">
        <test-method is-config="true" signature="setup(java.lang.String,java.lang.String)[pri:0, instance:testCases.TC001_AccountRegistationTest@49c66ade]" started-at="2025-07-17T15:11:29 IST" name="setup" finished-at="2025-07-17T15:13:59 IST" duration-ms="150288" status="PASS">
          <params>
            <param index="0">
              <value>
                <![CDATA[Windows]]>
              </value>
            </param>
            <param index="1">
              <value>
                <![CDATA[chrome]]>
              </value>
            </param>
          </params>
          <reporter-output>
          </reporter-output>
        </test-method> <!-- setup -->
        <test-method signature="verify_account_registration()[pri:0, instance:testCases.TC001_AccountRegistationTest@49c66ade]" started-at="2025-07-17T15:13:59 IST" name="verify_account_registration" finished-at="2025-07-17T15:16:29 IST" duration-ms="150135" status="PASS">
          <reporter-output>
          </reporter-output>
        </test-method> <!-- verify_account_registration -->
        <test-method is-config="true" signature="tearDown()[pri:0, instance:testCases.TC001_AccountRegistationTest@49c66ade]" started-at="2025-07-17T15:16:30 IST" name="tearDown" finished-at="2025-07-17T15:16:54 IST" duration-ms="24163" status="PASS">
          <reporter-output>
          </reporter-output>
        </test-method> <!-- tearDown -->
      </class> <!-- testCases.TC001_AccountRegistationTest -->
    </test> <!-- Test -->
  </suite> <!-- Master Suite -->
</testng-results>
